Release 14.7 - xst P.20131013 (nt)
Copyright (c) 1995-2013 Xilinx, Inc.  All rights reserved.
--> Parameter TMPDIR set to xst/projnav.tmp


Total REAL time to Xst completion: 0.00 secs
Total CPU time to Xst completion: 0.11 secs
 
--> Parameter xsthdpdir set to xst


Total REAL time to Xst completion: 0.00 secs
Total CPU time to Xst completion: 0.11 secs
 
--> Reading design: Main.prj

TABLE OF CONTENTS
  1) Synthesis Options Summary
  2) HDL Compilation
  3) Design Hierarchy Analysis
  4) HDL Analysis
  5) HDL Synthesis
     5.1) HDL Synthesis Report
  6) Advanced HDL Synthesis
     6.1) Advanced HDL Synthesis Report
  7) Low Level Synthesis
  8) Partition Report
  9) Final Report
	9.1) Device utilization summary
	9.2) Partition Resource Summary
	9.3) TIMING REPORT


=========================================================================
*                      Synthesis Options Summary                        *
=========================================================================
---- Source Parameters
Input File Name                    : "Main.prj"
Input Format                       : mixed
Ignore Synthesis Constraint File   : NO

---- Target Parameters
Output File Name                   : "Main"
Output Format                      : NGC
Target Device                      : xc3s500e-5-ft256

---- Source Options
Top Module Name                    : Main
Automatic FSM Extraction           : YES
FSM Encoding Algorithm             : Auto
Safe Implementation                : No
FSM Style                          : LUT
RAM Extraction                     : Yes
RAM Style                          : Auto
ROM Extraction                     : Yes
Mux Style                          : Auto
Decoder Extraction                 : YES
Priority Encoder Extraction        : Yes
Shift Register Extraction          : YES
Logical Shifter Extraction         : YES
XOR Collapsing                     : YES
ROM Style                          : Auto
Mux Extraction                     : Yes
Resource Sharing                   : YES
Asynchronous To Synchronous        : NO
Multiplier Style                   : Auto
Automatic Register Balancing       : No

---- Target Options
Add IO Buffers                     : YES
Global Maximum Fanout              : 100000
Add Generic Clock Buffer(BUFG)     : 24
Register Duplication               : YES
Slice Packing                      : YES
Optimize Instantiated Primitives   : NO
Use Clock Enable                   : Yes
Use Synchronous Set                : Yes
Use Synchronous Reset              : Yes
Pack IO Registers into IOBs        : Auto
Equivalent register Removal        : YES

---- General Options
Optimization Goal                  : Speed
Optimization Effort                : 1
Keep Hierarchy                     : No
Netlist Hierarchy                  : As_Optimized
RTL Output                         : Yes
Global Optimization                : AllClockNets
Read Cores                         : YES
Write Timing Constraints           : NO
Cross Clock Analysis               : NO
Hierarchy Separator                : /
Bus Delimiter                      : <>
Case Specifier                     : Maintain
Slice Utilization Ratio            : 100
BRAM Utilization Ratio             : 100
Verilog 2001                       : YES
Auto BRAM Packing                  : NO
Slice Utilization Ratio Delta      : 5

=========================================================================


=========================================================================
*                          HDL Compilation                              *
=========================================================================
Compiling verilog file "VGA_LOGIC.v" in library work
Compiling verilog file "Rom_CarBlue.v" in library work
Module <VGA_LOGIC> compiled
Compiling verilog file "Main.v" in library work
Module <Rom_CarBlue> compiled
Module <Main> compiled
No errors in compilation
Analysis of file <"Main.prj"> succeeded.
 

=========================================================================
*                     Design Hierarchy Analysis                         *
=========================================================================
Analyzing hierarchy for module <Main> in library <work>.

Analyzing hierarchy for module <Rom_CarBlue> in library <work>.

Analyzing hierarchy for module <VGA_LOGIC> in library <work>.

WARNING:Xst:2591 - "Main.v" line 22: attribute on instance <CLKFX_DIVIDE> overrides generic/parameter on entity. It is possible that simulator will not take this attribute into account.
WARNING:Xst:2591 - "Main.v" line 22: attribute on instance <CLKFX_MULTIPLY> overrides generic/parameter on entity. It is possible that simulator will not take this attribute into account.

=========================================================================
*                            HDL Analysis                               *
=========================================================================
Analyzing top module <Main>.
Module <Main> is correct for synthesis.
 
    Set user-defined property "CLKDV_DIVIDE =  2.000000" for instance <vga_clock_dcm> in unit <Main>.
    Set user-defined property "CLKFX_DIVIDE =  4" for instance <vga_clock_dcm> in unit <Main>.
    Set user-defined property "CLKFX_MULTIPLY =  2" for instance <vga_clock_dcm> in unit <Main>.
    Set user-defined property "CLKIN_DIVIDE_BY_2 =  FALSE" for instance <vga_clock_dcm> in unit <Main>.
    Set user-defined property "CLKIN_PERIOD =  10.000000" for instance <vga_clock_dcm> in unit <Main>.
    Set user-defined property "CLKOUT_PHASE_SHIFT =  NONE" for instance <vga_clock_dcm> in unit <Main>.
    Set user-defined property "CLK_FEEDBACK =  1X" for instance <vga_clock_dcm> in unit <Main>.
    Set user-defined property "DESKEW_ADJUST =  SYSTEM_SYNCHRONOUS" for instance <vga_clock_dcm> in unit <Main>.
    Set user-defined property "DFS_FREQUENCY_MODE =  LOW" for instance <vga_clock_dcm> in unit <Main>.
    Set user-defined property "DLL_FREQUENCY_MODE =  LOW" for instance <vga_clock_dcm> in unit <Main>.
    Set user-defined property "DSS_MODE =  NONE" for instance <vga_clock_dcm> in unit <Main>.
    Set user-defined property "DUTY_CYCLE_CORRECTION =  TRUE" for instance <vga_clock_dcm> in unit <Main>.
    Set user-defined property "FACTORY_JF =  C080" for instance <vga_clock_dcm> in unit <Main>.
    Set user-defined property "PHASE_SHIFT =  0" for instance <vga_clock_dcm> in unit <Main>.
    Set user-defined property "SIM_MODE =  SAFE" for instance <vga_clock_dcm> in unit <Main>.
    Set user-defined property "STARTUP_WAIT =  FALSE" for instance <vga_clock_dcm> in unit <Main>.
Analyzing module <Rom_CarBlue> in library <work>.
INFO:Xst:2546 - "Rom_CarBlue.v" line 13: reading initialization file "CarBlue.mif".
WARNING:Xst:905 - "Rom_CarBlue.v" line 10: One or more signals are missing in the sensitivity list of always block. To enable synthesis of FPGA/CPLD hardware, XST will assume that all necessary signals are present in the sensitivity list. Please note that the result of the synthesis may differ from the initial design specification. The missing signals are:
   <rom_content>
Module <Rom_CarBlue> is correct for synthesis.
 
Analyzing module <VGA_LOGIC> in library <work>.
Module <VGA_LOGIC> is correct for synthesis.
 

=========================================================================
*                           HDL Synthesis                               *
=========================================================================

Performing bidirectional port resolution...

Synthesizing Unit <Rom_CarBlue>.
    Related source file is "Rom_CarBlue.v".
WARNING:Xst:1781 - Signal <rom_content> is used but never assigned. Tied to default value.
    Found 16384x3-bit ROM for signal <data>.
    Summary:
	inferred   1 ROM(s).
Unit <Rom_CarBlue> synthesized.


Synthesizing Unit <VGA_LOGIC>.
    Related source file is "VGA_LOGIC.v".
WARNING:Xst:1780 - Signal <contColumn> is never used or assigned. This unconnected signal will be trimmed during the optimization process.
    Found 1-bit register for signal <vsync>.
    Found 1-bit register for signal <blue_out>.
    Found 1-bit register for signal <red_out>.
    Found 1-bit register for signal <green_out>.
    Found 1-bit register for signal <hsync>.
    Found 3-bit register for signal <color>.
    Found 10-bit comparator less for signal <color_0$cmp_lt0000> created at line 72.
    Found 10-bit comparator less for signal <color_1$cmp_lt0000> created at line 68.
    Found 10-bit comparator less for signal <color_1$cmp_lt0001> created at line 70.
    Found 10-bit comparator less for signal <color_2$cmp_lt0000> created at line 79.
    Found 10-bit comparator less for signal <color_2$cmp_lt0001> created at line 79.
    Found 10-bit comparator less for signal <color_2$cmp_lt0002> created at line 59.
    Found 10-bit comparator less for signal <color_2$cmp_lt0003> created at line 62.
    Found 10-bit comparator less for signal <color_2$cmp_lt0004> created at line 64.
    Found 10-bit comparator less for signal <color_2$cmp_lt0005> created at line 66.
    Found 10-bit register for signal <hcount>.
    Found 10-bit comparator greatequal for signal <hsync$cmp_ge0000> created at line 40.
    Found 10-bit comparator less for signal <hsync$cmp_lt0000> created at line 40.
    Found 10-bit adder for signal <old_hcount_3$addsub0000> created at line 31.
    Found 10-bit adder for signal <old_vcount_2$addsub0000> created at line 28.
    Found 10-bit comparator less for signal <red_out$cmp_lt0000> created at line 46.
    Found 10-bit comparator less for signal <red_out$cmp_lt0001> created at line 46.
    Found 10-bit register for signal <vcount>.
    Found 10-bit comparator greatequal for signal <vsync$cmp_ge0000> created at line 34.
    Found 10-bit comparator less for signal <vsync$cmp_lt0000> created at line 34.
    Summary:
	inferred  28 D-type flip-flop(s).
	inferred   2 Adder/Subtractor(s).
	inferred  15 Comparator(s).
Unit <VGA_LOGIC> synthesized.


Synthesizing Unit <Main>.
    Related source file is "Main.v".
    Found 14-bit register for signal <address>.
    Found 14-bit adder for signal <address$addsub0000> created at line 37.
    Found 10-bit comparator less for signal <address$cmp_lt0000> created at line 33.
    Found 10-bit comparator less for signal <address$cmp_lt0001> created at line 35.
    Summary:
	inferred  14 D-type flip-flop(s).
	inferred   1 Adder/Subtractor(s).
	inferred   2 Comparator(s).
Unit <Main> synthesized.


=========================================================================
HDL Synthesis Report

Macro Statistics
# ROMs                                                 : 1
 16384x3-bit ROM                                       : 1
# Adders/Subtractors                                   : 3
 10-bit adder                                          : 2
 14-bit adder                                          : 1
# Registers                                            : 11
 1-bit register                                        : 8
 10-bit register                                       : 2
 14-bit register                                       : 1
# Comparators                                          : 17
 10-bit comparator greatequal                          : 2
 10-bit comparator less                                : 15

=========================================================================

=========================================================================
*                       Advanced HDL Synthesis                          *
=========================================================================


=========================================================================
Advanced HDL Synthesis Report

Macro Statistics
# ROMs                                                 : 1
 16384x3-bit ROM                                       : 1
# Adders/Subtractors                                   : 3
 10-bit adder                                          : 2
 14-bit adder                                          : 1
# Registers                                            : 42
 Flip-Flops                                            : 42
# Comparators                                          : 17
 10-bit comparator greatequal                          : 2
 10-bit comparator less                                : 15

=========================================================================

=========================================================================
*                         Low Level Synthesis                           *
=========================================================================
INFO:Xst:1901 - Instance vga_clock_dcm in unit Main of type DCM has been replaced by DCM_SP

Optimizing unit <Main> ...

Optimizing unit <VGA_LOGIC> ...

Mapping all equations...
Building and optimizing final netlist ...
Found area constraint ratio of 100 (+ 5) on block Main, actual ratio is 5.
FlipFlop address_0 has been replicated 2 time(s)
FlipFlop address_1 has been replicated 2 time(s)
FlipFlop address_2 has been replicated 2 time(s)
FlipFlop address_3 has been replicated 2 time(s)
FlipFlop address_4 has been replicated 1 time(s)

Final Macro Processing ...

=========================================================================
Final Register Report

Macro Statistics
# Registers                                            : 51
 Flip-Flops                                            : 51

=========================================================================

=========================================================================
*                           Partition Report                            *
=========================================================================

Partition Implementation Status
-------------------------------

  No Partitions were found in this design.

-------------------------------

=========================================================================
*                            Final Report                               *
=========================================================================
Final Results
RTL Top Level Output File Name     : Main.ngr
Top Level Output File Name         : Main
Output Format                      : NGC
Optimization Goal                  : Speed
Keep Hierarchy                     : No

Design Statistics
# IOs                              : 7

Cell Usage :
# BELS                             : 652
#      GND                         : 1
#      INV                         : 2
#      LUT1                        : 18
#      LUT2                        : 22
#      LUT2_D                      : 4
#      LUT2_L                      : 2
#      LUT3                        : 105
#      LUT3_D                      : 7
#      LUT3_L                      : 8
#      LUT4                        : 261
#      LUT4_D                      : 13
#      LUT4_L                      : 22
#      MUXCY                       : 31
#      MUXF5                       : 89
#      MUXF6                       : 25
#      MUXF7                       : 6
#      MUXF8                       : 1
#      VCC                         : 1
#      XORCY                       : 34
# FlipFlops/Latches                : 51
#      FD                          : 10
#      FDE                         : 3
#      FDR                         : 38
# Clock Buffers                    : 1
#      BUFG                        : 1
# IO Buffers                       : 7
#      IBUF                        : 1
#      IBUFG                       : 1
#      OBUF                        : 5
# DCMs                             : 1
#      DCM_SP                      : 1
=========================================================================

Device utilization summary:
---------------------------

Selected Device : 3s500eft256-5 

 Number of Slices:                      245  out of   4656     5%  
 Number of Slice Flip Flops:             51  out of   9312     0%  
 Number of 4 input LUTs:                464  out of   9312     4%  
 Number of IOs:                           7
 Number of bonded IOBs:                   7  out of    190     3%  
 Number of GCLKs:                         1  out of     24     4%  
 Number of DCMs:                          1  out of      4    25%  

---------------------------
Partition Resource Summary:
---------------------------

  No Partitions were found in this design.

---------------------------


=========================================================================
TIMING REPORT

NOTE: THESE TIMING NUMBERS ARE ONLY A SYNTHESIS ESTIMATE.
      FOR ACCURATE TIMING INFORMATION PLEASE REFER TO THE TRACE REPORT
      GENERATED AFTER PLACE-and-ROUTE.

Clock Information:
------------------
-----------------------------------+------------------------+-------+
Clock Signal                       | Clock buffer(FF name)  | Load  |
-----------------------------------+------------------------+-------+
clk50mhz                           | vga_clock_dcm:CLKFX    | 51    |
-----------------------------------+------------------------+-------+

Asynchronous Control Signals Information:
----------------------------------------
No asynchronous control signals found in this design

Timing Summary:
---------------
Speed Grade: -5

   Minimum period: 5.160ns (Maximum Frequency: 193.791MHz)
   Minimum input arrival time before clock: 5.917ns
   Maximum output required time after clock: 4.040ns
   Maximum combinational path delay: No path found

Timing Detail:
--------------
All values displayed in nanoseconds (ns)

=========================================================================
Timing constraint: Default period analysis for Clock 'clk50mhz'
  Clock period: 5.160ns (frequency: 193.791MHz)
  Total number of paths / destination ports: 4166 / 90
-------------------------------------------------------------------------
Delay:               10.320ns (Levels of Logic = 12)
  Source:            address_2_1 (FF)
  Destination:       vga/color_2 (FF)
  Source Clock:      clk50mhz rising 0.5X
  Destination Clock: clk50mhz rising 0.5X

  Data Path: address_2_1 to vga/color_2
                                Gate     Net
    Cell:in->out      fanout   Delay   Delay  Logical Name (Net Name)
    ----------------------------------------  ------------
     FDR:C->Q             10   0.514   0.819  address_2_1 (address_2_1)
     LUT2_D:I1->O         10   0.612   0.753  rom/Mrom_data1821 (N8)
     LUT4:I3->O            1   0.612   0.387  address<4>411 (address<4>18)
     LUT3:I2->O            1   0.612   0.000  rom/Mrom_data1101_2110 (rom/Mrom_data1101_2110)
     MUXF5:I0->O           1   0.278   0.000  rom/Mrom_data1101_19_f5_7 (rom/Mrom_data1101_19_f58)
     MUXF6:I0->O           1   0.451   0.387  rom/Mrom_data1101_17_f6_2 (rom/Mrom_data1101_17_f63)
     LUT4:I2->O            1   0.612   0.426  address<8>286 (address<8>3)
     LUT3:I1->O            1   0.612   0.000  rom/Mrom_data1101_10_f5_0_G (N210)
     MUXF5:I1->O           1   0.278   0.387  rom/Mrom_data1101_10_f5_0 (rom/Mrom_data1101_10_f51)
     LUT3:I2->O            1   0.612   0.000  rom/Mrom_data1101_6 (rom/Mrom_data1101_6)
     MUXF5:I0->O           1   0.278   0.000  rom/Mrom_data1101_4_f5 (rom/Mrom_data1101_4_f5)
     MUXF6:I0->O           1   0.451   0.360  rom/Mrom_data1101_2_f6 (data<0>1)
     LUT4:I3->O            1   0.612   0.000  vga/color_2_mux0000 (vga/color_2_mux0000)
     FDE:D                     0.268          vga/color_2
    ----------------------------------------
    Total                     10.320ns (6.802ns logic, 3.518ns route)
                                       (65.9% logic, 34.1% route)

=========================================================================
Timing constraint: Default OFFSET IN BEFORE for Clock 'clk50mhz'
  Total number of paths / destination ports: 153 / 23
-------------------------------------------------------------------------
Offset:              5.917ns (Levels of Logic = 16)
  Source:            reset (PAD)
  Destination:       address_13 (FF)
  Destination Clock: clk50mhz rising 0.5X

  Data Path: reset to address_13
                                Gate     Net
    Cell:in->out      fanout   Delay   Delay  Logical Name (Net Name)
    ----------------------------------------  ------------
     IBUF:I->O            28   1.106   1.224  reset_IBUF (reset_IBUF)
     LUT2:I0->O            1   0.612   0.000  _old_address_1<1>11 (_old_address_1<1>1)
     MUXCY:S->O            1   0.404   0.000  Madd_address_addsub0000_cy<1> (Madd_address_addsub0000_cy<1>)
     MUXCY:CI->O           1   0.052   0.000  Madd_address_addsub0000_cy<2> (Madd_address_addsub0000_cy<2>)
     MUXCY:CI->O           1   0.052   0.000  Madd_address_addsub0000_cy<3> (Madd_address_addsub0000_cy<3>)
     MUXCY:CI->O           1   0.052   0.000  Madd_address_addsub0000_cy<4> (Madd_address_addsub0000_cy<4>)
     MUXCY:CI->O           1   0.052   0.000  Madd_address_addsub0000_cy<5> (Madd_address_addsub0000_cy<5>)
     MUXCY:CI->O           1   0.052   0.000  Madd_address_addsub0000_cy<6> (Madd_address_addsub0000_cy<6>)
     MUXCY:CI->O           1   0.052   0.000  Madd_address_addsub0000_cy<7> (Madd_address_addsub0000_cy<7>)
     MUXCY:CI->O           1   0.052   0.000  Madd_address_addsub0000_cy<8> (Madd_address_addsub0000_cy<8>)
     MUXCY:CI->O           1   0.052   0.000  Madd_address_addsub0000_cy<9> (Madd_address_addsub0000_cy<9>)
     MUXCY:CI->O           1   0.052   0.000  Madd_address_addsub0000_cy<10> (Madd_address_addsub0000_cy<10>)
     MUXCY:CI->O           1   0.052   0.000  Madd_address_addsub0000_cy<11> (Madd_address_addsub0000_cy<11>)
     MUXCY:CI->O           0   0.052   0.000  Madd_address_addsub0000_cy<12> (Madd_address_addsub0000_cy<12>)
     XORCY:CI->O           1   0.699   0.426  Madd_address_addsub0000_xor<13> (address_addsub0000<13>)
     LUT4:I1->O            1   0.612   0.000  address_mux0000<13>1 (address_mux0000<13>)
     FDR:D                     0.268          address_13
    ----------------------------------------
    Total                      5.917ns (4.268ns logic, 1.650ns route)
                                       (72.1% logic, 27.9% route)

=========================================================================
Timing constraint: Default OFFSET OUT AFTER for Clock 'clk50mhz'
  Total number of paths / destination ports: 5 / 5
-------------------------------------------------------------------------
Offset:              4.040ns (Levels of Logic = 1)
  Source:            vga/vsync (FF)
  Destination:       vsync (PAD)
  Source Clock:      clk50mhz rising 0.5X

  Data Path: vga/vsync to vsync
                                Gate     Net
    Cell:in->out      fanout   Delay   Delay  Logical Name (Net Name)
    ----------------------------------------  ------------
     FDR:C->Q              1   0.514   0.357  vga/vsync (vga/vsync)
     OBUF:I->O                 3.169          vsync_OBUF (vsync)
    ----------------------------------------
    Total                      4.040ns (3.683ns logic, 0.357ns route)
                                       (91.2% logic, 8.8% route)

=========================================================================


Total REAL time to Xst completion: 49.00 secs
Total CPU time to Xst completion: 49.30 secs
 
--> 

Total memory usage is 294512 kilobytes

Number of errors   :    0 (   0 filtered)
Number of warnings :    5 (   0 filtered)
Number of infos    :    2 (   0 filtered)

